This is pdfTeX, Version 3.1415926-2.5-1.40.14 (TeX Live 2013/Debian) (format=pdflatex 2017.5.15)  2 AUG 2017 14:31
entering extended mode
 restricted \write18 enabled.
 %&-line parsing enabled.
**chapter_2.tex
(./chapter_2.tex
LaTeX2e <2011/06/27>
Babel <3.9h> and hyphenation patterns for 78 languages loaded.
(./uathesis.cls
Document Class: uathesis 2005/08/09 University of Arizona Thesis Class
(/usr/share/texlive/texmf-dist/tex/latex/base/ifthen.sty
Package: ifthen 2001/05/26 v1.1c Standard LaTeX ifthen package (DPC)
)
(/usr/share/texlive/texmf-dist/tex/latex/cclicenses/cclicenses.sty
Package: cclicenses 2005/05/20 v0.4 CC licenses typesetting

(/usr/share/texlive/texmf-dist/tex/latex/rotating/rotating.sty
Package: rotating 2009/03/28 v2.16a rotated objects in LaTeX

(/usr/share/texlive/texmf-dist/tex/latex/graphics/graphicx.sty
Package: graphicx 1999/02/16 v1.0f Enhanced LaTeX Graphics (DPC,SPQR)

(/usr/share/texlive/texmf-dist/tex/latex/graphics/keyval.sty
Package: keyval 1999/03/16 v1.13 key=value parser (DPC)
\KV@toks@=\toks14
)
(/usr/share/texlive/texmf-dist/tex/latex/graphics/graphics.sty
Package: graphics 2009/02/05 v1.0o Standard LaTeX Graphics (DPC,SPQR)

(/usr/share/texlive/texmf-dist/tex/latex/graphics/trig.sty
Package: trig 1999/03/16 v1.09 sin cos tan (DPC)
)
(/usr/share/texlive/texmf-dist/tex/latex/latexconfig/graphics.cfg
File: graphics.cfg 2010/04/23 v1.9 graphics configuration of TeX Live
)
Package graphics Info: Driver file: pdftex.def on input line 91.

(/usr/share/texlive/texmf-dist/tex/latex/pdftex-def/pdftex.def
File: pdftex.def 2011/05/27 v0.06d Graphics/color for pdfTeX

(/usr/share/texlive/texmf-dist/tex/generic/oberdiek/infwarerr.sty
Package: infwarerr 2010/04/08 v1.3 Providing info/warning/error messages (HO)
)
(/usr/share/texlive/texmf-dist/tex/generic/oberdiek/ltxcmds.sty
Package: ltxcmds 2011/11/09 v1.22 LaTeX kernel commands for general use (HO)
)
\Gread@gobject=\count79
))
\Gin@req@height=\dimen102
\Gin@req@width=\dimen103
)
\c@r@tfl@t=\count80
\rotFPtop=\skip41
\rotFPbot=\skip42
\rot@float@box=\box26
\rot@mess@toks=\toks15
)
\chardim=\dimen104
\hdim=\dimen105
\htmp=\dimen106
\hpos=\count81
\vpos=\count82
)
(/usr/share/texlive/texmf-dist/tex/latex/base/book.cls
Document Class: book 2007/10/19 v1.4h Standard LaTeX document class
(/usr/share/texlive/texmf-dist/tex/latex/base/bk12.clo
File: bk12.clo 2007/10/19 v1.4h Standard LaTeX file (size option)
)
\c@part=\count83
\c@chapter=\count84
\c@section=\count85
\c@subsection=\count86
\c@subsubsection=\count87
\c@paragraph=\count88
\c@subparagraph=\count89
\c@figure=\count90
\c@table=\count91
\abovecaptionskip=\skip43
\belowcaptionskip=\skip44
\bibindent=\dimen107
))
(/usr/share/texlive/texmf-dist/tex/latex/graphics/color.sty
Package: color 2005/11/14 v1.0j Standard LaTeX Color (DPC)

(/usr/share/texlive/texmf-dist/tex/latex/latexconfig/color.cfg
File: color.cfg 2007/01/18 v1.5 color configuration of teTeX/TeXLive
)
Package color Info: Driver file: pdftex.def on input line 130.
)
(/usr/share/texlive/texmf-dist/tex/latex/framed/framed.sty
Package: framed 2011/10/22 v 0.96: framed or shaded text with page breaks
\OuterFrameSep=\skip45
\fb@frw=\dimen108
\fb@frh=\dimen109
\FrameRule=\dimen110
\FrameSep=\dimen111
)
(/usr/share/texlive/texmf-dist/tex/latex/base/alltt.sty
Package: alltt 1997/06/16 v2.0g defines alltt environment
)
(/usr/share/texlive/texmf-dist/tex/latex/booktabs/booktabs.sty
Package: booktabs 2005/04/14 v1.61803 publication quality tables
\heavyrulewidth=\dimen112
\lightrulewidth=\dimen113
\cmidrulewidth=\dimen114
\belowrulesep=\dimen115
\belowbottomsep=\dimen116
\aboverulesep=\dimen117
\abovetopsep=\dimen118
\cmidrulesep=\dimen119
\cmidrulekern=\dimen120
\defaultaddspace=\dimen121
\@cmidla=\count92
\@cmidlb=\count93
\@aboverulesep=\dimen122
\@belowrulesep=\dimen123
\@thisruleclass=\count94
\@lastruleclass=\count95
\@thisrulewidth=\dimen124
)
(/usr/share/texlive/texmf-dist/tex/latex/natbib/natbib.sty
Package: natbib 2010/09/13 8.31b (PWD, AO)
\bibhang=\skip46
\bibsep=\skip47
LaTeX Info: Redefining \cite on input line 694.
\c@NAT@ctr=\count96
) (./wrapfig.sty
\wrapoverhang=\dimen125
\WF@size=\dimen126
\c@WF@wrappedlines=\count97
\WF@box=\box27
\WF@everypar=\toks16
Package: wrapfig 2003/01/31  v 3.6
)
(/usr/share/texlive/texmf-dist/tex/latex/caption/caption.sty
Package: caption 2013/05/02 v3.3-89 Customizing captions (AR)

(/usr/share/texlive/texmf-dist/tex/latex/caption/caption3.sty
Package: caption3 2013/05/02 v1.6-88 caption3 kernel (AR)
Package caption3 Info: TeX engine: e-TeX on input line 57.
\captionmargin=\dimen127
\captionmargin@=\dimen128
\captionwidth=\dimen129
\caption@tempdima=\dimen130
\caption@indent=\dimen131
\caption@parindent=\dimen132
\caption@hangindent=\dimen133
)
\c@ContinuedFloat=\count98
Package caption Info: rotating package is loaded.
Package caption Info: wrapfig package is loaded.
)
(/usr/share/texlive/texmf-dist/tex/latex/caption/subcaption.sty
Package: subcaption 2013/02/03 v1.1-62 Sub-captions (AR)
\c@subfigure=\count99
\c@subtable=\count100
)
(/usr/share/texmf/tex/latex/tipa/tipa.sty
Package: tipa 2002/08/08 TIPA version 1.1

(/usr/share/texlive/texmf-dist/tex/latex/base/fontenc.sty
Package: fontenc 2005/09/27 v1.99g Standard LaTeX package

(/usr/share/texmf/tex/latex/tipa/t3enc.def
File: t3enc.def 2001/12/31 T3 encoding
)
(/usr/share/texlive/texmf-dist/tex/latex/base/ot1enc.def
File: ot1enc.def 2005/09/27 v1.99g Standard LaTeX file
LaTeX Font Info:    Redeclaring font encoding OT1 on input line 43.
)))
(/usr/share/texlive/texmf-dist/tex/latex/soul/soul.sty
Package: soul 2003/11/17 v2.4 letterspacing/underlining (mf)
\SOUL@word=\toks17
\SOUL@lasttoken=\toks18
\SOUL@cmds=\toks19
\SOUL@buffer=\toks20
\SOUL@token=\toks21
\SOUL@spaceskip=\skip48
\SOUL@ttwidth=\dimen134
\SOUL@uldp=\dimen135
\SOUL@ulht=\dimen136
)
(/usr/share/texlive/texmf-dist/tex/latex/url/url.sty
\Urlmuskip=\muskip10
Package: url 2013/09/16  ver 3.4  Verb mode for urls, etc.
)
(/usr/share/texlive/texmf-dist/tex/latex/blindtext/blindtext.sty
Package: blindtext 2012/01/06 V2.0 blindtext-Package

(/usr/share/texlive/texmf-dist/tex/latex/tools/xspace.sty
Package: xspace 2009/10/20 v1.13 Space after command names (DPC,MH)
)
\c@blindtext=\count101
\c@Blindtext=\count102
\c@blind@countparstart=\count103
\blind@countxx=\count104
\blindtext@numBlindtext=\count105
\blind@countyy=\count106
\c@blindlist=\count107
\c@blindlistlevel=\count108
\c@blindlist@level=\count109
\blind@listitem=\count110
\c@blind@listcount=\count111
\c@blind@levelcount=\count112
\blind@mathformula=\count113
\blind@Mathformula=\count114
\c@blind@randomcount=\count115
\c@blind@randommax=\count116
\c@blind@pangramcount=\count117
\c@blind@pangrammax=\count118
)
(/usr/share/texlive/texmf-dist/tex/latex/enumitem/enumitem.sty
Package: enumitem 2011/09/28 v3.5.2 Customized lists
\labelindent=\skip49
\enit@outerparindent=\dimen137
\enit@toks=\toks22
\enit@inbox=\box28
\enitdp@description=\count119
)
(/usr/share/texlive/texmf-dist/tex/latex/breakurl/breakurl.sty
Package: breakurl 2013/04/10 v1.40 Breakable hyperref URLs

(/usr/share/texlive/texmf-dist/tex/latex/xkeyval/xkeyval.sty
Package: xkeyval 2012/10/14 v2.6b package option processing (HA)

(/usr/share/texlive/texmf-dist/tex/generic/xkeyval/xkeyval.tex
\XKV@toks=\toks23
\XKV@tempa@toks=\toks24
\XKV@depth=\count120
File: xkeyval.tex 2012/10/14 v2.6b key=value parser (HA)
))
(/usr/share/texlive/texmf-dist/tex/generic/oberdiek/ifpdf.sty
Package: ifpdf 2011/01/30 v2.3 Provides the ifpdf switch (HO)
Package ifpdf Info: pdfTeX in PDF mode is detected.
)

Package breakurl Warning: You are using breakurl while processing via pdflatex.

(breakurl)                \burl will be just a synonym of \url.
(breakurl)                 on input line 48.

) (/usr/share/texlive/texmf-dist/tex/latex/mh/mathtools.sty
Package: mathtools 2013/02/12 v1.13 mathematical typesetting tools

(/usr/share/texlive/texmf-dist/tex/latex/tools/calc.sty
Package: calc 2007/08/22 v4.3 Infix arithmetic (KKT,FJ)
\calc@Acount=\count121
\calc@Bcount=\count122
\calc@Adimen=\dimen138
\calc@Bdimen=\dimen139
\calc@Askip=\skip50
\calc@Bskip=\skip51
LaTeX Info: Redefining \setlength on input line 76.
LaTeX Info: Redefining \addtolength on input line 77.
\calc@Ccount=\count123
\calc@Cskip=\skip52
)
(/usr/share/texlive/texmf-dist/tex/latex/mh/mhsetup.sty
Package: mhsetup 2010/01/21 v1.2a programming setup (MH)
)
(/usr/share/texlive/texmf-dist/tex/latex/amsmath/amsmath.sty
Package: amsmath 2013/01/14 v2.14 AMS math features
\@mathmargin=\skip53

For additional information on amsmath, use the `?' option.
(/usr/share/texlive/texmf-dist/tex/latex/amsmath/amstext.sty
Package: amstext 2000/06/29 v2.01

(/usr/share/texlive/texmf-dist/tex/latex/amsmath/amsgen.sty
File: amsgen.sty 1999/11/30 v2.0
\@emptytoks=\toks25
\ex@=\dimen140
))
(/usr/share/texlive/texmf-dist/tex/latex/amsmath/amsbsy.sty
Package: amsbsy 1999/11/29 v1.2d
\pmbraise@=\dimen141
)
(/usr/share/texlive/texmf-dist/tex/latex/amsmath/amsopn.sty
Package: amsopn 1999/12/14 v2.01 operator names
)
\inf@bad=\count124
LaTeX Info: Redefining \frac on input line 210.
\uproot@=\count125
\leftroot@=\count126
LaTeX Info: Redefining \overline on input line 306.
\classnum@=\count127
\DOTSCASE@=\count128
LaTeX Info: Redefining \ldots on input line 378.
LaTeX Info: Redefining \dots on input line 381.
LaTeX Info: Redefining \cdots on input line 466.
\Mathstrutbox@=\box29
\strutbox@=\box30
\big@size=\dimen142
LaTeX Font Info:    Redeclaring font encoding OML on input line 566.
LaTeX Font Info:    Redeclaring font encoding OMS on input line 567.
\macc@depth=\count129
\c@MaxMatrixCols=\count130
\dotsspace@=\muskip11
\c@parentequation=\count131
\dspbrk@lvl=\count132
\tag@help=\toks26
\row@=\count133
\column@=\count134
\maxfields@=\count135
\andhelp@=\toks27
\eqnshift@=\dimen143
\alignsep@=\dimen144
\tagshift@=\dimen145
\tagwidth@=\dimen146
\totwidth@=\dimen147
\lineht@=\dimen148
\@envbody=\toks28
\multlinegap=\skip54
\multlinetaggap=\skip55
\mathdisplay@stack=\toks29
LaTeX Info: Redefining \[ on input line 2665.
LaTeX Info: Redefining \] on input line 2666.
)
LaTeX Info: Thecontrolsequence`\['isalreadyrobust on input line 129.
LaTeX Info: Thecontrolsequence`\]'isalreadyrobust on input line 129.
\g_MT_multlinerow_int=\count136
\l_MT_multwidth_dim=\dimen149
\origjot=\skip56
\l_MT_shortvdotswithinadjustabove_dim=\dimen150
\l_MT_shortvdotswithinadjustbelow_dim=\dimen151
\l_MT_above_intertext_sep=\dimen152
\l_MT_below_intertext_sep=\dimen153
\l_MT_above_shortintertext_sep=\dimen154
\l_MT_below_shortintertext_sep=\dimen155
)
(/usr/share/texlive/texmf-dist/tex/latex/tools/array.sty
Package: array 2008/09/09 v2.4c Tabular extension package (FMi)
\col@sep=\dimen156
\extrarowheight=\dimen157
\NC@list=\toks30
\extratabsurround=\skip57
\backup@length=\skip58
)
(/usr/share/texlive/texmf-dist/tex/latex/hyperref/hyperref.sty
Package: hyperref 2012/11/06 v6.83m Hypertext links for LaTeX

(/usr/share/texlive/texmf-dist/tex/generic/oberdiek/hobsub-hyperref.sty
Package: hobsub-hyperref 2012/05/28 v1.13 Bundle oberdiek, subset hyperref (HO)


(/usr/share/texlive/texmf-dist/tex/generic/oberdiek/hobsub-generic.sty
Package: hobsub-generic 2012/05/28 v1.13 Bundle oberdiek, subset generic (HO)
Package: hobsub 2012/05/28 v1.13 Construct package bundles (HO)
Package hobsub Info: Skipping package `infwarerr' (already loaded).
Package hobsub Info: Skipping package `ltxcmds' (already loaded).
Package: ifluatex 2010/03/01 v1.3 Provides the ifluatex switch (HO)
Package ifluatex Info: LuaTeX not detected.
Package: ifvtex 2010/03/01 v1.5 Detect VTeX and its facilities (HO)
Package ifvtex Info: VTeX not detected.
Package: intcalc 2007/09/27 v1.1 Expandable calculations with integers (HO)
Package hobsub Info: Skipping package `ifpdf' (already loaded).
Package: etexcmds 2011/02/16 v1.5 Avoid name clashes with e-TeX commands (HO)
Package etexcmds Info: Could not find \expanded.
(etexcmds)             That can mean that you are not using pdfTeX 1.50 or
(etexcmds)             that some package has redefined \expanded.
(etexcmds)             In the latter case, load this package earlier.
Package: kvsetkeys 2012/04/25 v1.16 Key value parser (HO)
Package: kvdefinekeys 2011/04/07 v1.3 Define keys (HO)
Package: pdftexcmds 2011/11/29 v0.20 Utility functions of pdfTeX for LuaTeX (HO
)
Package pdftexcmds Info: LuaTeX not detected.
Package pdftexcmds Info: \pdf@primitive is available.
Package pdftexcmds Info: \pdf@ifprimitive is available.
Package pdftexcmds Info: \pdfdraftmode found.
Package: pdfescape 2011/11/25 v1.13 Implements pdfTeX's escape features (HO)
Package: bigintcalc 2012/04/08 v1.3 Expandable calculations on big integers (HO
)
Package: bitset 2011/01/30 v1.1 Handle bit-vector datatype (HO)
Package: uniquecounter 2011/01/30 v1.2 Provide unlimited unique counter (HO)
)
Package hobsub Info: Skipping package `hobsub' (already loaded).
Package: letltxmacro 2010/09/02 v1.4 Let assignment for LaTeX macros (HO)
Package: hopatch 2012/05/28 v1.2 Wrapper for package hooks (HO)
Package: xcolor-patch 2011/01/30 xcolor patch
Package: atveryend 2011/06/30 v1.8 Hooks at the very end of document (HO)
Package atveryend Info: \enddocument detected (standard20110627).
Package: atbegshi 2011/10/05 v1.16 At begin shipout hook (HO)
Package: refcount 2011/10/16 v3.4 Data extraction from label references (HO)
Package: hycolor 2011/01/30 v1.7 Color options for hyperref/bookmark (HO)
)
(/usr/share/texlive/texmf-dist/tex/generic/ifxetex/ifxetex.sty
Package: ifxetex 2010/09/12 v0.6 Provides ifxetex conditional
)
(/usr/share/texlive/texmf-dist/tex/latex/oberdiek/auxhook.sty
Package: auxhook 2011/03/04 v1.3 Hooks for auxiliary files (HO)
)
(/usr/share/texlive/texmf-dist/tex/latex/oberdiek/kvoptions.sty
Package: kvoptions 2011/06/30 v3.11 Key value format for package options (HO)
)
\@linkdim=\dimen158
\Hy@linkcounter=\count137
\Hy@pagecounter=\count138

(/usr/share/texlive/texmf-dist/tex/latex/hyperref/pd1enc.def
File: pd1enc.def 2012/11/06 v6.83m Hyperref: PDFDocEncoding definition (HO)
)
\Hy@SavedSpaceFactor=\count139

(/usr/share/texlive/texmf-dist/tex/latex/latexconfig/hyperref.cfg
File: hyperref.cfg 2002/06/06 v1.2 hyperref configuration of TeXLive
)
Package hyperref Info: Option `bookmarks' set `true' on input line 4319.
Package hyperref Info: Option `colorlinks' set `true' on input line 4319.
Package hyperref Info: Hyper figures OFF on input line 4443.
Package hyperref Info: Link nesting OFF on input line 4448.
Package hyperref Info: Hyper index ON on input line 4451.
Package hyperref Info: Plain pages OFF on input line 4458.
Package hyperref Info: Backreferencing OFF on input line 4463.
Package hyperref Info: Implicit mode ON; LaTeX internals redefined.
Package hyperref Info: Bookmarks ON on input line 4688.
\c@Hy@tempcnt=\count140
LaTeX Info: Redefining \url on input line 5041.
\XeTeXLinkMargin=\dimen159
\Fld@menulength=\count141
\Field@Width=\dimen160
\Fld@charsize=\dimen161
Package hyperref Info: Hyper figures OFF on input line 6295.
Package hyperref Info: Link nesting OFF on input line 6300.
Package hyperref Info: Hyper index ON on input line 6303.
Package hyperref Info: backreferencing OFF on input line 6310.
Package hyperref Info: Link coloring ON on input line 6313.
Package hyperref Info: Link coloring with OCG OFF on input line 6320.
Package hyperref Info: PDF/A mode OFF on input line 6325.
LaTeX Info: Redefining \ref on input line 6365.
LaTeX Info: Redefining \pageref on input line 6369.
\Hy@abspage=\count142
\c@Item=\count143
\c@Hfootnote=\count144
)

Package hyperref Message: Driver (autodetected): hpdftex.

(/usr/share/texlive/texmf-dist/tex/latex/hyperref/hpdftex.def
File: hpdftex.def 2012/11/06 v6.83m Hyperref driver for pdfTeX
\Fld@listcount=\count145
\c@bookmark@seq@number=\count146

(/usr/share/texlive/texmf-dist/tex/latex/oberdiek/rerunfilecheck.sty
Package: rerunfilecheck 2011/04/15 v1.7 Rerun checks for auxiliary files (HO)
Package uniquecounter Info: New unique counter `rerunfilecheck' on input line 2
82.
)
\Hy@SectionHShift=\skip59
)
(./chapter_2.aux)
\openout1 = `chapter_2.aux'.

LaTeX Font Info:    Checking defaults for OML/cmm/m/it on input line 150.
LaTeX Font Info:    ... okay on input line 150.
LaTeX Font Info:    Checking defaults for T1/cmr/m/n on input line 150.
LaTeX Font Info:    ... okay on input line 150.
LaTeX Font Info:    Checking defaults for OT1/cmr/m/n on input line 150.
LaTeX Font Info:    ... okay on input line 150.
LaTeX Font Info:    Checking defaults for OMS/cmsy/m/n on input line 150.
LaTeX Font Info:    ... okay on input line 150.
LaTeX Font Info:    Checking defaults for OMX/cmex/m/n on input line 150.
LaTeX Font Info:    ... okay on input line 150.
LaTeX Font Info:    Checking defaults for U/cmr/m/n on input line 150.
LaTeX Font Info:    ... okay on input line 150.
LaTeX Font Info:    Checking defaults for T3/cmr/m/n on input line 150.
LaTeX Font Info:    Try loading font information for T3+cmr on input line 150.
 (/usr/share/texmf/tex/latex/tipa/t3cmr.fd
File: t3cmr.fd 2001/12/31 TIPA font definitions
)
LaTeX Font Info:    ... okay on input line 150.
LaTeX Font Info:    Checking defaults for PD1/pdf/m/n on input line 150.
LaTeX Font Info:    ... okay on input line 150.

(/usr/share/texlive/texmf-dist/tex/context/base/supp-pdf.mkii
[Loading MPS to PDF converter (version 2006.09.02).]
\scratchcounter=\count147
\scratchdimen=\dimen162
\scratchbox=\box31
\nofMPsegments=\count148
\nofMParguments=\count149
\everyMPshowfont=\toks31
\MPscratchCnt=\count150
\MPscratchDim=\dimen163
\MPnumerator=\count151
\makeMPintoPDFobject=\count152
\everyMPtoPDFconversion=\toks32
) (/usr/share/texlive/texmf-dist/tex/latex/oberdiek/epstopdf-base.sty
Package: epstopdf-base 2010/02/09 v2.5 Base part for package epstopdf

(/usr/share/texlive/texmf-dist/tex/latex/oberdiek/grfext.sty
Package: grfext 2010/08/19 v1.1 Manage graphics extensions (HO)
)
Package grfext Info: Graphics extension search list:
(grfext)             [.png,.pdf,.jpg,.mps,.jpeg,.jbig2,.jb2,.PNG,.PDF,.JPG,.JPE
G,.JBIG2,.JB2,.eps]
(grfext)             \AppendGraphicsExtensions on input line 452.

(/usr/share/texlive/texmf-dist/tex/latex/latexconfig/epstopdf-sys.cfg
File: epstopdf-sys.cfg 2010/07/13 v1.3 Configuration of (r)epstopdf for TeX Liv
e
))
Package caption Info: Begin \AtBeginDocument code.
Package caption Info: hyperref package is loaded.
Package caption Info: End \AtBeginDocument code.
\AtBeginShipoutBox=\box32
Package hyperref Info: Link coloring ON on input line 150.

(/usr/share/texlive/texmf-dist/tex/latex/hyperref/nameref.sty
Package: nameref 2012/10/27 v2.43 Cross-referencing by name of section

(/usr/share/texlive/texmf-dist/tex/generic/oberdiek/gettitlestring.sty
Package: gettitlestring 2010/12/03 v1.4 Cleanup title references (HO)
)
\c@section@level=\count153
)
LaTeX Info: Redefining \ref on input line 150.
LaTeX Info: Redefining \pageref on input line 150.
LaTeX Info: Redefining \nameref on input line 150.

(./chapter_2.out) (./chapter_2.out)
\@outlinefile=\write3
\openout3 = `chapter_2.out'.


CHAPTER 1.
[1{/var/lib/texmf/fonts/map/pdftex/updmap/pdftex.map}


]

LaTeX Warning: Reference `chapter3' on page 2 undefined on input line 173.


LaTeX Warning: Reference `chapter4' on page 2 undefined on input line 173.

[2] <figure/bekesy60-3b.png, id=120, 228.55388pt x 243.5499pt>
File: figure/bekesy60-3b.png Graphic file (type png)

<use figure/bekesy60-3b.png>
Package pdftex.def Info: figure/bekesy60-3b.png used on input line 242.
(pdftex.def)             Requested size: 213.19627pt x 227.19028pt.

Underfull \hbox (badness 1354) in paragraph at lines 269--271
\OT1/cmr/m/n/12 res-onat-ing char-ac-ter-is-tics and am-pli-
 []

[3 <./figure/bekesy60-3b.png>]
<figure/eac_mod_diffs.png, id=153, 369.38pt x 381.425pt>
File: figure/eac_mod_diffs.png Graphic file (type png)

<use figure/eac_mod_diffs.png>
Package pdftex.def Info: figure/eac_mod_diffs.png used on input line 276.
(pdftex.def)             Requested size: 170.55441pt x 176.11528pt.
 [4 <./figure/eac_mod_diffs.png>]
<figure/open-closed-tube.png, id=181, 444.66125pt x 226.8475pt>
File: figure/open-closed-tube.png Graphic file (type png)

<use figure/open-closed-tube.png>
Package pdftex.def Info: figure/open-closed-tube.png used on input line 290.
(pdftex.def)             Requested size: 444.66016pt x 226.84694pt.

Overfull \hbox (18.26761pt too wide) in paragraph at lines 290--291
 [][] 
 []


LaTeX Warning: `!h' float specifier changed to `!ht'.

[5] [6 <./figure/open-closed-tube.png (PNG copy)>] [7]
<figure/BCrelAC_e_s.png, id=228, 842.14626pt x 319.1925pt>
File: figure/BCrelAC_e_s.png Graphic file (type png)

<use figure/BCrelAC_e_s.png>
Package pdftex.def Info: figure/BCrelAC_e_s.png used on input line 316.
(pdftex.def)             Requested size: 426.39255pt x 161.61223pt.

<figure/BC_rel_AC_all.png, id=239, 457.71pt x 709.65125pt>
File: figure/BC_rel_AC_all.png Graphic file (type png)

<use figure/BC_rel_AC_all.png>
Package pdftex.def Info: figure/BC_rel_AC_all.png used on input line 325.
(pdftex.def)             Requested size: 191.87534pt x 297.4884pt.
 [8 <./figure/BCrelAC_e_s.png (PNG copy)>]
Underfull \hbox (badness 2409) in paragraph at lines 334--335
\OT1/cmr/m/n/12 that these trans-forms are given as
 []

[9 <./figure/BC_rel_AC_all.png>]
<figure/bekesy60-3.png, id=258, 331.89998pt x 178.86826pt>
File: figure/bekesy60-3.png Graphic file (type png)

<use figure/bekesy60-3.png>
Package pdftex.def Info: figure/bekesy60-3.png used on input line 338.
(pdftex.def)             Requested size: 213.19627pt x 114.89833pt.
 [10 <./figure/bekesy60-3.png>] [11]
<figure/bekesy60-1.png, id=314, 257.46187pt x 150.14093pt>
File: figure/bekesy60-1.png Graphic file (type png)

<use figure/bekesy60-1.png>
Package pdftex.def Info: figure/bekesy60-1.png used on input line 365.
(pdftex.def)             Requested size: 213.19627pt x 124.33055pt.

Underfull \hbox (badness 10000) in paragraph at lines 362--368
[][][]\OT1/cmr/m/n/12 Stenfelt and Re-in-feldt[][] ([][]2007[][]) de-vel-oped a
 model of an oc-
 []


Underfull \hbox (badness 10000) in paragraph at lines 362--368
\OT1/cmr/m/n/12 cluded ear us-ing mea-sure-ments gen-er-ated from stim-u-lat-in
g the
 []


Underfull \hbox (badness 10000) in paragraph at lines 362--368
\OT1/cmr/m/n/12 skull sep-a-rately at both the frontal bone and the mas-toid pr
o-cess.
 []

[12 <./figure/bekesy60-1.png>]
<figure/hansenAverageOE.png, id=349, 701.62125pt x 602.25pt>
File: figure/hansenAverageOE.png Graphic file (type png)

<use figure/hansenAverageOE.png>
Package pdftex.def Info: figure/hansenAverageOE.png used on input line 380.
(pdftex.def)             Requested size: 153.50084pt x 131.76024pt.

<figure/Hansen_OE-plot_a.png, id=350, 235.63031pt x 155.07938pt>
File: figure/Hansen_OE-plot_a.png Graphic file (type png)

<use figure/Hansen_OE-plot_a.png>
Package pdftex.def Info: figure/Hansen_OE-plot_a.png used on input line 388.
(pdftex.def)             Requested size: 170.55766pt x 112.25336pt.

<figure/Hansen_OE-plot_b.png, id=351, 234.8775pt x 152.82094pt>
File: figure/Hansen_OE-plot_b.png Graphic file (type png)

<use figure/Hansen_OE-plot_b.png>
Package pdftex.def Info: figure/Hansen_OE-plot_b.png used on input line 392.
(pdftex.def)             Requested size: 170.55766pt x 110.9707pt.

Underfull \hbox (badness 10000) in paragraph at lines 386--394
[]$[]$
 []


Underfull \hbox (badness 10000) in paragraph at lines 378--397
[]$[]$
 []

[13 <./figure/hansenAverageOE.png (PNG copy)> <./figure/Hansen_OE-plot_a.png (P
NG copy)> <./figure/Hansen_OE-plot_b.png (PNG copy)>] [14] [15]

LaTeX Warning: Reference `chapter3' on page 16 undefined on input line 439.


LaTeX Warning: Reference `chapter4' on page 16 undefined on input line 439.

[16] [17] [18] [19]

LaTeX Warning: Reference `appendixA' on page 20 undefined on input line 473.


LaTeX Warning: Reference `appendixA' on page 20 undefined on input line 473.

<figure/earmuffSetup.JPG, id=464, 509.0217pt x 1078.5093pt>
File: figure/earmuffSetup.JPG Graphic file (type jpg)

<use figure/earmuffSetup.JPG>
Package pdftex.def Info: figure/earmuffSetup.JPG used on input line 479.
(pdftex.def)             Requested size: 213.19627pt x 451.72011pt.


Package wrapfig Warning: Collision between wrapping environments on input line 
484.

<figure/micInsertPlug.JPG, id=465, 678.3744pt x 491.6769pt>
File: figure/micInsertPlug.JPG Graphic file (type jpg)

<use figure/micInsertPlug.JPG>
Package pdftex.def Info: figure/micInsertPlug.JPG used on input line 485.
(pdftex.def)             Requested size: 213.19627pt x 154.51892pt.
 [20]

LaTeX Warning: Reference `appendixA' on page 21 undefined on input line 490.

[21 <./figure/earmuffSetup.JPG>]

Package wrapfig Warning: Collision between wrapping environments on input line 
492.

<figure/overallSetUp.png, id=480, 442.65375pt x 352.31625pt>
File: figure/overallSetUp.png Graphic file (type png)

<use figure/overallSetUp.png>
Package pdftex.def Info: figure/overallSetUp.png used on input line 493.
(pdftex.def)             Requested size: 213.19627pt x 169.69048pt.
 [22 <./figure/micInsertPlug.JPG>] [23 <./figure/overallSetUp.png (PNG copy)>]

LaTeX Warning: Reference `appendixA' on page 24 undefined on input line 507.

[24]
Underfull \hbox (badness 10000) in paragraph at lines 523--524
[]\OT1/cmtt/m/n/12 Warning: Collapsing data to cell means. *IF* the requested e
ffects
 []


Underfull \hbox (badness 10000) in paragraph at lines 523--524
\OT1/cmtt/m/n/12 are a subset of the full design, you must use the "within[]ful
l"
 []

LaTeX Font Info:    Font shape `OT1/cmtt/bx/n' in size <12> not available
(Font)              Font shape `OT1/cmtt/m/n' tried instead on input line 525.

Underfull \hbox (badness 10000) in paragraph at lines 525--526
[]\OT1/cmtt/m/n/12 Error in ezANOVA[]main(data = data, dv = dv, wid = wid, with
in =
 []


Underfull \hbox (badness 10000) in paragraph at lines 525--526
\OT1/cmtt/m/n/12 within, : One or more cells is missing data. Try using ezDesig
n()
 []


Underfull \hbox (badness 10000) in paragraph at lines 527--528
[]\OT1/cmtt/m/n/12 Warning: Collapsing data to cell means. *IF* the requested e
ffects
 []


Underfull \hbox (badness 10000) in paragraph at lines 527--528
\OT1/cmtt/m/n/12 are a subset of the full design, you must use the "within[]ful
l"
 []


Underfull \hbox (badness 10000) in paragraph at lines 529--529
[]\OT1/cmtt/m/n/12 Error in ezANOVA[]main(data = data, dv = dv, wid = wid, with
in =
 []


Underfull \hbox (badness 10000) in paragraph at lines 529--529
\OT1/cmtt/m/n/12 within, : One or more cells is missing data. Try using ezDesig
n()
 []


Underfull \hbox (badness 10000) in paragraph at lines 535--536
[]\OT1/cmtt/m/n/12 Error in by[]subj[]ez[]anova$ANOVA$ges <- NULL: object 'by[]
subj[]ez[]anova'
 []


Underfull \hbox (badness 10000) in paragraph at lines 537--538
[]\OT1/cmtt/m/n/12 Error in by[]item[]ez[]anova$ANOVA$ges <- NULL: object 'by[]
item[]ez[]anova'
 []


Underfull \hbox (badness 10000) in paragraph at lines 539--540
[]\OT1/cmtt/m/n/12 Error in eval(expr, envir, enclos): object 'by[]subj[]ez[]an
ova' not
 []


Underfull \hbox (badness 10000) in paragraph at lines 541--542
[]\OT1/cmtt/m/n/12 Error in eval(expr, envir, enclos): object 'by[]item[]ez[]an
ova' not
 []


Underfull \hbox (badness 10000) in paragraph at lines 543--544
[]\OT1/cmtt/m/n/12 Error in eval(expr, envir, enclos): object 'by[]subj[]ez[]an
ova' not
 []


Underfull \hbox (badness 10000) in paragraph at lines 545--546
[]\OT1/cmtt/m/n/12 Error in eval(expr, envir, enclos): object 'by[]item[]ez[]an
ova' not
 []


Underfull \hbox (badness 10000) in paragraph at lines 547--548
[]\OT1/cmtt/m/n/12 Error in eval(expr, envir, enclos): object 'by[]subj[]ez[]an
ova' not
 []


Underfull \hbox (badness 10000) in paragraph at lines 549--549
[]\OT1/cmtt/m/n/12 Error in eval(expr, envir, enclos): object 'by[]item[]ez[]an
ova' not
 []

[25] <figure/spctgrmNarrowMouth_35.pdf, id=515, 433.62pt x 289.08pt>
File: figure/spctgrmNarrowMouth_35.pdf Graphic file (type pdf)

<use figure/spctgrmNarrowMouth_35.pdf>
Package pdftex.def Info: figure/spctgrmNarrowMouth_35.pdf used on input line 58
6.
(pdftex.def)             Requested size: 202.53906pt x 135.0251pt.

<figure/spctgrmWideMouth_35.pdf, id=516, 433.62pt x 289.08pt>
File: figure/spctgrmWideMouth_35.pdf Graphic file (type pdf)

<use figure/spctgrmWideMouth_35.pdf>
Package pdftex.def Info: figure/spctgrmWideMouth_35.pdf used on input line 593.

(pdftex.def)             Requested size: 202.53906pt x 135.0251pt.

Underfull \hbox (badness 1394) in paragraph at lines 594--594
[]\OT1/cmr/m/n/10.95 (b) |Wide band spec-tro-gram of speech
 []

<figure/spctgrmNarrowEar_35.pdf, id=523, 433.62pt x 289.08pt>
File: figure/spctgrmNarrowEar_35.pdf Graphic file (type pdf)

<use figure/spctgrmNarrowEar_35.pdf>
Package pdftex.def Info: figure/spctgrmNarrowEar_35.pdf used on input line 606.

(pdftex.def)             Requested size: 202.53906pt x 135.0251pt.

<figure/spctgrmWideEar_35.pdf, id=524, 433.62pt x 289.08pt>
File: figure/spctgrmWideEar_35.pdf Graphic file (type pdf)

<use figure/spctgrmWideEar_35.pdf>
Package pdftex.def Info: figure/spctgrmWideEar_35.pdf used on input line 613.
(pdftex.def)             Requested size: 202.53906pt x 135.0251pt.

Underfull \hbox (badness 1394) in paragraph at lines 614--614
[]\OT1/cmr/m/n/10.95 (b) |Wide band spec-tro-gram of speech
 []

[26] [27 <./figure/spctgrmNarrowMouth_35.pdf> <./figure/spctgrmWideMouth_35.pdf
> <./figure/spctgrmNarrowEar_35.pdf> <./figure/spctgrmWideEar_35.pdf>]

LaTeX Warning: Reference `appendixE' on page 28 undefined on input line 635.

[28] <figure/spctgrmNarrowMthNoise_35.pdf, id=626, 433.62pt x 289.08pt>
File: figure/spctgrmNarrowMthNoise_35.pdf Graphic file (type pdf)

<use figure/spctgrmNarrowMthNoise_35.pdf>
Package pdftex.def Info: figure/spctgrmNarrowMthNoise_35.pdf used on input line
 641.
(pdftex.def)             Requested size: 202.53906pt x 135.0251pt.

<figure/spctgrmNarrowEarNoise_35.pdf, id=627, 433.62pt x 289.08pt>
File: figure/spctgrmNarrowEarNoise_35.pdf Graphic file (type pdf)

<use figure/spctgrmNarrowEarNoise_35.pdf>
Package pdftex.def Info: figure/spctgrmNarrowEarNoise_35.pdf used on input line
 648.
(pdftex.def)             Requested size: 202.53906pt x 135.0251pt.

<figure/spctgrmEarNarrow20kHz.pdf, id=634, 433.62pt x 289.08pt>
File: figure/spctgrmEarNarrow20kHz.pdf Graphic file (type pdf)

<use figure/spctgrmEarNarrow20kHz.pdf>
Package pdftex.def Info: figure/spctgrmEarNarrow20kHz.pdf used on input line 66
2.
(pdftex.def)             Requested size: 202.53906pt x 135.0251pt.

Underfull \hbox (badness 2126) in paragraph at lines 663--663
[]\OT1/cmr/m/n/10.95 (a) |Nar-row band spec-tro-gram of ear-
 []

<figure/spctgrmNarrowEarNoisePremp.pdf, id=635, 433.62pt x 289.08pt>
File: figure/spctgrmNarrowEarNoisePremp.pdf Graphic file (type pdf)

<use figure/spctgrmNarrowEarNoisePremp.pdf>
Package pdftex.def Info: figure/spctgrmNarrowEarNoisePremp.pdf used on input li
ne 669.
(pdftex.def)             Requested size: 202.53906pt x 135.0251pt.

Underfull \hbox (badness 1975) in paragraph at lines 670--670
[]\OT1/cmr/m/n/10.95 (b) |Nar-row band spec-tro-gram of ear-
 []

<figure/spctgrmNarrowEarNoisePrempFiltPremp.pdf, id=636, 433.62pt x 289.08pt>
File: figure/spctgrmNarrowEarNoisePrempFiltPremp.pdf Graphic file (type pdf)

<use figure/spctgrmNarrowEarNoisePrempFiltPremp.pdf>
Package pdftex.def Info: figure/spctgrmNarrowEarNoisePrempFiltPremp.pdf used on
 input line 679.
(pdftex.def)             Requested size: 202.53906pt x 135.0251pt.

Underfull \hbox (badness 10000) in paragraph at lines 680--680
[]\OT1/cmr/m/n/10.95 (a) |The ear-recorded speech, pre-
 []


Underfull \hbox (badness 2221) in paragraph at lines 680--680
\OT1/cmr/m/n/10.95 emphasized, fil-tered at 2500 Hz with
 []

File: figure/spctgrmNarrowMthNoise_35.pdf Graphic file (type pdf)
<use figure/spctgrmNarrowMthNoise_35.pdf>
Package pdftex.def Info: figure/spctgrmNarrowMthNoise_35.pdf used on input line
 686.
(pdftex.def)             Requested size: 202.53906pt x 135.0251pt.
 [29 <./figure/spctgrmNarrowMthNoise_35.pdf> <./figure/spctgrmNarrowEarNoise_35
.pdf>] [30 <./figure/spctgrmEarNarrow20kHz.pdf> <./figure/spctgrmNarrowEarNoise
Premp.pdf> <./figure/spctgrmNarrowEarNoisePrempFiltPremp.pdf>] [31]
<figure/low_frequency_hum.png, id=761, 3613.5pt x 2107.875pt>
File: figure/low_frequency_hum.png Graphic file (type png)

<use figure/low_frequency_hum.png>
Package pdftex.def Info: figure/low_frequency_hum.png used on input line 726.
(pdftex.def)             Requested size: 202.53906pt x 118.13669pt.

<figure/low_frequency_hum-ear.png, id=762, 3613.5pt x 2107.875pt>
File: figure/low_frequency_hum-ear.png Graphic file (type png)

<use figure/low_frequency_hum-ear.png>
Package pdftex.def Info: figure/low_frequency_hum-ear.png used on input line 73
3.
(pdftex.def)             Requested size: 202.53906pt x 118.13669pt.
 [32 <./figure/low_frequency_hum.png> <./figure/low_frequency_hum-ear.png>]
<figure/spctgrm_cramp_bus_60.png, id=779, 3613.5pt x 2107.875pt>
File: figure/spctgrm_cramp_bus_60.png Graphic file (type png)

<use figure/spctgrm_cramp_bus_60.png>
Package pdftex.def Info: figure/spctgrm_cramp_bus_60.png used on input line 751
.
(pdftex.def)             Requested size: 202.53906pt x 118.13669pt.

<figure/spctgrm_cramp_bus_70.png, id=780, 3613.5pt x 2107.875pt>
File: figure/spctgrm_cramp_bus_70.png Graphic file (type png)

<use figure/spctgrm_cramp_bus_70.png>
Package pdftex.def Info: figure/spctgrm_cramp_bus_70.png used on input line 758
.
(pdftex.def)             Requested size: 202.53906pt x 118.13669pt.

<figure/spctgrm_cramp_bus_80.png, id=781, 3613.5pt x 2107.875pt>
File: figure/spctgrm_cramp_bus_80.png Graphic file (type png)

<use figure/spctgrm_cramp_bus_80.png>
Package pdftex.def Info: figure/spctgrm_cramp_bus_80.png used on input line 766
.
(pdftex.def)             Requested size: 202.53906pt x 118.13669pt.


LaTeX Warning: `h' float specifier changed to `ht'.

[33]

LaTeX Warning: Reference `chapter3' on page 34 undefined on input line 785.


LaTeX Warning: Reference `chapter4' on page 34 undefined on input line 785.

(./chapter_2.bbl [34] [35 <./figure/spctgrm_cramp_bus_60.png> <./figure/spctgrm
_cramp_bus_70.png> <./figure/spctgrm_cramp_bus_80.png>] [36

]
Missing character: There is no Ã in font cmr12!
Missing character: There is no ¶ in font cmr12!
 [37]
Missing character: There is no â in font cmr12!
Missing character: There is no € in font cmr12!
Missing character: There is no ™ in font cmr12!
Missing character: There is no â in font cmr12!
Missing character: There is no € in font cmr12!
Missing character: There is no ” in font cmr12!
Missing character: There is no Ã in font cmr12!
Missing character: There is no ¥ in font cmr12!
Missing character: There is no Ã in font cmr12!
Missing character: There is no ¶ in font cmr12!
 [38])
Package atveryend Info: Empty hook `BeforeClearDocument' on input line 795.

[39]
Package atveryend Info: Empty hook `AfterLastShipout' on input line 795.
 (./chapter_2.aux)
Package atveryend Info: Executing hook `AtVeryEndDocument' on input line 795.
Package atveryend Info: Executing hook `AtEndAfterFileList' on input line 795.
Package rerunfilecheck Info: File `chapter_2.out' has not changed.
(rerunfilecheck)             Checksum: D296C0ACF0C7AC31533D8101DFD95A52;1245.


LaTeX Warning: There were undefined references.

Package atveryend Info: Empty hook `AtVeryVeryEnd' on input line 795.
 ) 
Here is how much of TeX's memory you used:
 10379 strings out of 493304
 154618 string characters out of 6139871
 261950 words of memory out of 5000000
 13536 multiletter control sequences out of 15000+600000
 9907 words of font info for 36 fonts, out of 8000000 for 9000
 957 hyphenation exceptions out of 8191
 48i,11n,75p,1686b,640s stack positions out of 5000i,500n,10000p,200000b,80000s
</usr/share/texlive/texmf-dist/fonts/type1/public/amsfonts/cm/cmbx10.pfb></us
r/share/texlive/texmf-dist/fonts/type1/public/amsfonts/cm/cmbx12.pfb></usr/shar
e/texlive/texmf-dist/fonts/type1/public/amsfonts/cm/cmex10.pfb></usr/share/texl
ive/texmf-dist/fonts/type1/public/amsfonts/cm/cmmi12.pfb></usr/share/texlive/te
xmf-dist/fonts/type1/public/amsfonts/cm/cmmi8.pfb></usr/share/texlive/texmf-dis
t/fonts/type1/public/amsfonts/cm/cmr10.pfb></usr/share/texlive/texmf-dist/fonts
/type1/public/amsfonts/cm/cmr12.pfb></usr/share/texlive/texmf-dist/fonts/type1/
public/amsfonts/cm/cmr7.pfb></usr/share/texlive/texmf-dist/fonts/type1/public/a
msfonts/cm/cmr8.pfb></usr/share/texlive/texmf-dist/fonts/type1/public/amsfonts/
cm/cmsy10.pfb></usr/share/texlive/texmf-dist/fonts/type1/public/amsfonts/cm/cmt
i12.pfb></usr/share/texlive/texmf-dist/fonts/type1/public/amsfonts/cm/cmtt12.pf
b>
Output written on chapter_2.pdf (39 pages, 30166924 bytes).
PDF statistics:
 899 PDF objects out of 1000 (max. 8388607)
 735 compressed objects within 8 object streams
 133 named destinations out of 1000 (max. 500000)
 280 words of extra memory for PDF output out of 10000 (max. 10000000)

