This is pdfTeX, Version 3.1415926-2.5-1.40.14 (TeX Live 2013/Debian) (format=pdflatex 2017.5.15)  28 JUN 2017 15:06
entering extended mode
 restricted \write18 enabled.
 %&-line parsing enabled.
**chapter_4.tex
(./chapter_4.tex
LaTeX2e <2011/06/27>
Babel <3.9h> and hyphenation patterns for 78 languages loaded.
(./uathesis.cls
Document Class: uathesis 2005/08/09 University of Arizona Thesis Class
(/usr/share/texlive/texmf-dist/tex/latex/base/ifthen.sty
Package: ifthen 2001/05/26 v1.1c Standard LaTeX ifthen package (DPC)
)
(/usr/share/texlive/texmf-dist/tex/latex/cclicenses/cclicenses.sty
Package: cclicenses 2005/05/20 v0.4 CC licenses typesetting

(/usr/share/texlive/texmf-dist/tex/latex/rotating/rotating.sty
Package: rotating 2009/03/28 v2.16a rotated objects in LaTeX

(/usr/share/texlive/texmf-dist/tex/latex/graphics/graphicx.sty
Package: graphicx 1999/02/16 v1.0f Enhanced LaTeX Graphics (DPC,SPQR)

(/usr/share/texlive/texmf-dist/tex/latex/graphics/keyval.sty
Package: keyval 1999/03/16 v1.13 key=value parser (DPC)
\KV@toks@=\toks14
)
(/usr/share/texlive/texmf-dist/tex/latex/graphics/graphics.sty
Package: graphics 2009/02/05 v1.0o Standard LaTeX Graphics (DPC,SPQR)

(/usr/share/texlive/texmf-dist/tex/latex/graphics/trig.sty
Package: trig 1999/03/16 v1.09 sin cos tan (DPC)
)
(/usr/share/texlive/texmf-dist/tex/latex/latexconfig/graphics.cfg
File: graphics.cfg 2010/04/23 v1.9 graphics configuration of TeX Live
)
Package graphics Info: Driver file: pdftex.def on input line 91.

(/usr/share/texlive/texmf-dist/tex/latex/pdftex-def/pdftex.def
File: pdftex.def 2011/05/27 v0.06d Graphics/color for pdfTeX

(/usr/share/texlive/texmf-dist/tex/generic/oberdiek/infwarerr.sty
Package: infwarerr 2010/04/08 v1.3 Providing info/warning/error messages (HO)
)
(/usr/share/texlive/texmf-dist/tex/generic/oberdiek/ltxcmds.sty
Package: ltxcmds 2011/11/09 v1.22 LaTeX kernel commands for general use (HO)
)
\Gread@gobject=\count79
))
\Gin@req@height=\dimen102
\Gin@req@width=\dimen103
)
\c@r@tfl@t=\count80
\rotFPtop=\skip41
\rotFPbot=\skip42
\rot@float@box=\box26
\rot@mess@toks=\toks15
)
\chardim=\dimen104
\hdim=\dimen105
\htmp=\dimen106
\hpos=\count81
\vpos=\count82
)
(/usr/share/texlive/texmf-dist/tex/latex/base/book.cls
Document Class: book 2007/10/19 v1.4h Standard LaTeX document class
(/usr/share/texlive/texmf-dist/tex/latex/base/bk12.clo
File: bk12.clo 2007/10/19 v1.4h Standard LaTeX file (size option)
)
\c@part=\count83
\c@chapter=\count84
\c@section=\count85
\c@subsection=\count86
\c@subsubsection=\count87
\c@paragraph=\count88
\c@subparagraph=\count89
\c@figure=\count90
\c@table=\count91
\abovecaptionskip=\skip43
\belowcaptionskip=\skip44
\bibindent=\dimen107
))
(/usr/share/texlive/texmf-dist/tex/latex/graphics/color.sty
Package: color 2005/11/14 v1.0j Standard LaTeX Color (DPC)

(/usr/share/texlive/texmf-dist/tex/latex/latexconfig/color.cfg
File: color.cfg 2007/01/18 v1.5 color configuration of teTeX/TeXLive
)
Package color Info: Driver file: pdftex.def on input line 130.
)
(/usr/share/texlive/texmf-dist/tex/latex/framed/framed.sty
Package: framed 2011/10/22 v 0.96: framed or shaded text with page breaks
\OuterFrameSep=\skip45
\fb@frw=\dimen108
\fb@frh=\dimen109
\FrameRule=\dimen110
\FrameSep=\dimen111
)
(/usr/share/texlive/texmf-dist/tex/latex/base/alltt.sty
Package: alltt 1997/06/16 v2.0g defines alltt environment
)
(/usr/share/texlive/texmf-dist/tex/latex/booktabs/booktabs.sty
Package: booktabs 2005/04/14 v1.61803 publication quality tables
\heavyrulewidth=\dimen112
\lightrulewidth=\dimen113
\cmidrulewidth=\dimen114
\belowrulesep=\dimen115
\belowbottomsep=\dimen116
\aboverulesep=\dimen117
\abovetopsep=\dimen118
\cmidrulesep=\dimen119
\cmidrulekern=\dimen120
\defaultaddspace=\dimen121
\@cmidla=\count92
\@cmidlb=\count93
\@aboverulesep=\dimen122
\@belowrulesep=\dimen123
\@thisruleclass=\count94
\@lastruleclass=\count95
\@thisrulewidth=\dimen124
)
(/usr/share/texlive/texmf-dist/tex/latex/natbib/natbib.sty
Package: natbib 2010/09/13 8.31b (PWD, AO)
\bibhang=\skip46
\bibsep=\skip47
LaTeX Info: Redefining \cite on input line 694.
\c@NAT@ctr=\count96
)
(/home/sam/texmf/tex/latex/wrapfig/wrapfig.sty
\wrapoverhang=\dimen125
\WF@size=\dimen126
\c@WF@wrappedlines=\count97
\WF@box=\box27
\WF@everypar=\toks16
Package: wrapfig 2003/01/31  v 3.6
)
(/usr/share/texlive/texmf-dist/tex/latex/caption/caption.sty
Package: caption 2013/05/02 v3.3-89 Customizing captions (AR)

(/usr/share/texlive/texmf-dist/tex/latex/caption/caption3.sty
Package: caption3 2013/05/02 v1.6-88 caption3 kernel (AR)
Package caption3 Info: TeX engine: e-TeX on input line 57.
\captionmargin=\dimen127
\captionmargin@=\dimen128
\captionwidth=\dimen129
\caption@tempdima=\dimen130
\caption@indent=\dimen131
\caption@parindent=\dimen132
\caption@hangindent=\dimen133
)
\c@ContinuedFloat=\count98
Package caption Info: rotating package is loaded.
Package caption Info: wrapfig package is loaded.
)
(/usr/share/texlive/texmf-dist/tex/latex/caption/subcaption.sty
Package: subcaption 2013/02/03 v1.1-62 Sub-captions (AR)
\c@subfigure=\count99
\c@subtable=\count100
)
(/usr/share/texmf/tex/latex/tipa/tipa.sty
Package: tipa 2002/08/08 TIPA version 1.1

(/usr/share/texlive/texmf-dist/tex/latex/base/fontenc.sty
Package: fontenc 2005/09/27 v1.99g Standard LaTeX package

(/usr/share/texmf/tex/latex/tipa/t3enc.def
File: t3enc.def 2001/12/31 T3 encoding
)
(/usr/share/texlive/texmf-dist/tex/latex/base/ot1enc.def
File: ot1enc.def 2005/09/27 v1.99g Standard LaTeX file
LaTeX Font Info:    Redeclaring font encoding OT1 on input line 43.
)))
(/usr/share/texlive/texmf-dist/tex/latex/soul/soul.sty
Package: soul 2003/11/17 v2.4 letterspacing/underlining (mf)
\SOUL@word=\toks17
\SOUL@lasttoken=\toks18
\SOUL@cmds=\toks19
\SOUL@buffer=\toks20
\SOUL@token=\toks21
\SOUL@spaceskip=\skip48
\SOUL@ttwidth=\dimen134
\SOUL@uldp=\dimen135
\SOUL@ulht=\dimen136
)
(/usr/share/texlive/texmf-dist/tex/latex/url/url.sty
\Urlmuskip=\muskip10
Package: url 2013/09/16  ver 3.4  Verb mode for urls, etc.
)
(/usr/share/texlive/texmf-dist/tex/latex/blindtext/blindtext.sty
Package: blindtext 2012/01/06 V2.0 blindtext-Package

(/usr/share/texlive/texmf-dist/tex/latex/tools/xspace.sty
Package: xspace 2009/10/20 v1.13 Space after command names (DPC,MH)
)
\c@blindtext=\count101
\c@Blindtext=\count102
\c@blind@countparstart=\count103
\blind@countxx=\count104
\blindtext@numBlindtext=\count105
\blind@countyy=\count106
\c@blindlist=\count107
\c@blindlistlevel=\count108
\c@blindlist@level=\count109
\blind@listitem=\count110
\c@blind@listcount=\count111
\c@blind@levelcount=\count112
\blind@mathformula=\count113
\blind@Mathformula=\count114
\c@blind@randomcount=\count115
\c@blind@randommax=\count116
\c@blind@pangramcount=\count117
\c@blind@pangrammax=\count118
)
(/usr/share/texlive/texmf-dist/tex/latex/enumitem/enumitem.sty
Package: enumitem 2011/09/28 v3.5.2 Customized lists
\labelindent=\skip49
\enit@outerparindent=\dimen137
\enit@toks=\toks22
\enit@inbox=\box28
\enitdp@description=\count119
)
(/usr/share/texlive/texmf-dist/tex/latex/breakurl/breakurl.sty
Package: breakurl 2013/04/10 v1.40 Breakable hyperref URLs

(/usr/share/texlive/texmf-dist/tex/latex/xkeyval/xkeyval.sty
Package: xkeyval 2012/10/14 v2.6b package option processing (HA)

(/usr/share/texlive/texmf-dist/tex/generic/xkeyval/xkeyval.tex
\XKV@toks=\toks23
\XKV@tempa@toks=\toks24
\XKV@depth=\count120
File: xkeyval.tex 2012/10/14 v2.6b key=value parser (HA)
))
(/usr/share/texlive/texmf-dist/tex/generic/oberdiek/ifpdf.sty
Package: ifpdf 2011/01/30 v2.3 Provides the ifpdf switch (HO)
Package ifpdf Info: pdfTeX in PDF mode is detected.
)

Package breakurl Warning: You are using breakurl while processing via pdflatex.

(breakurl)                \burl will be just a synonym of \url.
(breakurl)                 on input line 48.

) (/usr/share/texlive/texmf-dist/tex/latex/mh/mathtools.sty
Package: mathtools 2013/02/12 v1.13 mathematical typesetting tools

(/usr/share/texlive/texmf-dist/tex/latex/tools/calc.sty
Package: calc 2007/08/22 v4.3 Infix arithmetic (KKT,FJ)
\calc@Acount=\count121
\calc@Bcount=\count122
\calc@Adimen=\dimen138
\calc@Bdimen=\dimen139
\calc@Askip=\skip50
\calc@Bskip=\skip51
LaTeX Info: Redefining \setlength on input line 76.
LaTeX Info: Redefining \addtolength on input line 77.
\calc@Ccount=\count123
\calc@Cskip=\skip52
)
(/usr/share/texlive/texmf-dist/tex/latex/mh/mhsetup.sty
Package: mhsetup 2010/01/21 v1.2a programming setup (MH)
)
(/usr/share/texlive/texmf-dist/tex/latex/amsmath/amsmath.sty
Package: amsmath 2013/01/14 v2.14 AMS math features
\@mathmargin=\skip53

For additional information on amsmath, use the `?' option.
(/usr/share/texlive/texmf-dist/tex/latex/amsmath/amstext.sty
Package: amstext 2000/06/29 v2.01

(/usr/share/texlive/texmf-dist/tex/latex/amsmath/amsgen.sty
File: amsgen.sty 1999/11/30 v2.0
\@emptytoks=\toks25
\ex@=\dimen140
))
(/usr/share/texlive/texmf-dist/tex/latex/amsmath/amsbsy.sty
Package: amsbsy 1999/11/29 v1.2d
\pmbraise@=\dimen141
)
(/usr/share/texlive/texmf-dist/tex/latex/amsmath/amsopn.sty
Package: amsopn 1999/12/14 v2.01 operator names
)
\inf@bad=\count124
LaTeX Info: Redefining \frac on input line 210.
\uproot@=\count125
\leftroot@=\count126
LaTeX Info: Redefining \overline on input line 306.
\classnum@=\count127
\DOTSCASE@=\count128
LaTeX Info: Redefining \ldots on input line 378.
LaTeX Info: Redefining \dots on input line 381.
LaTeX Info: Redefining \cdots on input line 466.
\Mathstrutbox@=\box29
\strutbox@=\box30
\big@size=\dimen142
LaTeX Font Info:    Redeclaring font encoding OML on input line 566.
LaTeX Font Info:    Redeclaring font encoding OMS on input line 567.
\macc@depth=\count129
\c@MaxMatrixCols=\count130
\dotsspace@=\muskip11
\c@parentequation=\count131
\dspbrk@lvl=\count132
\tag@help=\toks26
\row@=\count133
\column@=\count134
\maxfields@=\count135
\andhelp@=\toks27
\eqnshift@=\dimen143
\alignsep@=\dimen144
\tagshift@=\dimen145
\tagwidth@=\dimen146
\totwidth@=\dimen147
\lineht@=\dimen148
\@envbody=\toks28
\multlinegap=\skip54
\multlinetaggap=\skip55
\mathdisplay@stack=\toks29
LaTeX Info: Redefining \[ on input line 2665.
LaTeX Info: Redefining \] on input line 2666.
)
LaTeX Info: Thecontrolsequence`\['isalreadyrobust on input line 129.
LaTeX Info: Thecontrolsequence`\]'isalreadyrobust on input line 129.
\g_MT_multlinerow_int=\count136
\l_MT_multwidth_dim=\dimen149
\origjot=\skip56
\l_MT_shortvdotswithinadjustabove_dim=\dimen150
\l_MT_shortvdotswithinadjustbelow_dim=\dimen151
\l_MT_above_intertext_sep=\dimen152
\l_MT_below_intertext_sep=\dimen153
\l_MT_above_shortintertext_sep=\dimen154
\l_MT_below_shortintertext_sep=\dimen155
)
(/usr/share/texlive/texmf-dist/tex/latex/hyperref/hyperref.sty
Package: hyperref 2012/11/06 v6.83m Hypertext links for LaTeX

(/usr/share/texlive/texmf-dist/tex/generic/oberdiek/hobsub-hyperref.sty
Package: hobsub-hyperref 2012/05/28 v1.13 Bundle oberdiek, subset hyperref (HO)


(/usr/share/texlive/texmf-dist/tex/generic/oberdiek/hobsub-generic.sty
Package: hobsub-generic 2012/05/28 v1.13 Bundle oberdiek, subset generic (HO)
Package: hobsub 2012/05/28 v1.13 Construct package bundles (HO)
Package hobsub Info: Skipping package `infwarerr' (already loaded).
Package hobsub Info: Skipping package `ltxcmds' (already loaded).
Package: ifluatex 2010/03/01 v1.3 Provides the ifluatex switch (HO)
Package ifluatex Info: LuaTeX not detected.
Package: ifvtex 2010/03/01 v1.5 Detect VTeX and its facilities (HO)
Package ifvtex Info: VTeX not detected.
Package: intcalc 2007/09/27 v1.1 Expandable calculations with integers (HO)
Package hobsub Info: Skipping package `ifpdf' (already loaded).
Package: etexcmds 2011/02/16 v1.5 Avoid name clashes with e-TeX commands (HO)
Package etexcmds Info: Could not find \expanded.
(etexcmds)             That can mean that you are not using pdfTeX 1.50 or
(etexcmds)             that some package has redefined \expanded.
(etexcmds)             In the latter case, load this package earlier.
Package: kvsetkeys 2012/04/25 v1.16 Key value parser (HO)
Package: kvdefinekeys 2011/04/07 v1.3 Define keys (HO)
Package: pdftexcmds 2011/11/29 v0.20 Utility functions of pdfTeX for LuaTeX (HO
)
Package pdftexcmds Info: LuaTeX not detected.
Package pdftexcmds Info: \pdf@primitive is available.
Package pdftexcmds Info: \pdf@ifprimitive is available.
Package pdftexcmds Info: \pdfdraftmode found.
Package: pdfescape 2011/11/25 v1.13 Implements pdfTeX's escape features (HO)
Package: bigintcalc 2012/04/08 v1.3 Expandable calculations on big integers (HO
)
Package: bitset 2011/01/30 v1.1 Handle bit-vector datatype (HO)
Package: uniquecounter 2011/01/30 v1.2 Provide unlimited unique counter (HO)
)
Package hobsub Info: Skipping package `hobsub' (already loaded).
Package: letltxmacro 2010/09/02 v1.4 Let assignment for LaTeX macros (HO)
Package: hopatch 2012/05/28 v1.2 Wrapper for package hooks (HO)
Package: xcolor-patch 2011/01/30 xcolor patch
Package: atveryend 2011/06/30 v1.8 Hooks at the very end of document (HO)
Package atveryend Info: \enddocument detected (standard20110627).
Package: atbegshi 2011/10/05 v1.16 At begin shipout hook (HO)
Package: refcount 2011/10/16 v3.4 Data extraction from label references (HO)
Package: hycolor 2011/01/30 v1.7 Color options for hyperref/bookmark (HO)
)
(/usr/share/texlive/texmf-dist/tex/generic/ifxetex/ifxetex.sty
Package: ifxetex 2010/09/12 v0.6 Provides ifxetex conditional
)
(/usr/share/texlive/texmf-dist/tex/latex/oberdiek/auxhook.sty
Package: auxhook 2011/03/04 v1.3 Hooks for auxiliary files (HO)
)
(/usr/share/texlive/texmf-dist/tex/latex/oberdiek/kvoptions.sty
Package: kvoptions 2011/06/30 v3.11 Key value format for package options (HO)
)
\@linkdim=\dimen156
\Hy@linkcounter=\count137
\Hy@pagecounter=\count138

(/usr/share/texlive/texmf-dist/tex/latex/hyperref/pd1enc.def
File: pd1enc.def 2012/11/06 v6.83m Hyperref: PDFDocEncoding definition (HO)
)
\Hy@SavedSpaceFactor=\count139

(/usr/share/texlive/texmf-dist/tex/latex/latexconfig/hyperref.cfg
File: hyperref.cfg 2002/06/06 v1.2 hyperref configuration of TeXLive
)
Package hyperref Info: Option `bookmarks' set `true' on input line 4319.
Package hyperref Info: Option `colorlinks' set `true' on input line 4319.
Package hyperref Info: Hyper figures OFF on input line 4443.
Package hyperref Info: Link nesting OFF on input line 4448.
Package hyperref Info: Hyper index ON on input line 4451.
Package hyperref Info: Plain pages OFF on input line 4458.
Package hyperref Info: Backreferencing OFF on input line 4463.
Package hyperref Info: Implicit mode ON; LaTeX internals redefined.
Package hyperref Info: Bookmarks ON on input line 4688.
\c@Hy@tempcnt=\count140
LaTeX Info: Redefining \url on input line 5041.
\XeTeXLinkMargin=\dimen157
\Fld@menulength=\count141
\Field@Width=\dimen158
\Fld@charsize=\dimen159
Package hyperref Info: Hyper figures OFF on input line 6295.
Package hyperref Info: Link nesting OFF on input line 6300.
Package hyperref Info: Hyper index ON on input line 6303.
Package hyperref Info: backreferencing OFF on input line 6310.
Package hyperref Info: Link coloring ON on input line 6313.
Package hyperref Info: Link coloring with OCG OFF on input line 6320.
Package hyperref Info: PDF/A mode OFF on input line 6325.
LaTeX Info: Redefining \ref on input line 6365.
LaTeX Info: Redefining \pageref on input line 6369.
\Hy@abspage=\count142
\c@Item=\count143
\c@Hfootnote=\count144
)

Package hyperref Message: Driver (autodetected): hpdftex.

(/usr/share/texlive/texmf-dist/tex/latex/hyperref/hpdftex.def
File: hpdftex.def 2012/11/06 v6.83m Hyperref driver for pdfTeX
\Fld@listcount=\count145
\c@bookmark@seq@number=\count146

(/usr/share/texlive/texmf-dist/tex/latex/oberdiek/rerunfilecheck.sty
Package: rerunfilecheck 2011/04/15 v1.7 Rerun checks for auxiliary files (HO)
Package uniquecounter Info: New unique counter `rerunfilecheck' on input line 2
82.
)
\Hy@SectionHShift=\skip57
)
(./chapter_4.aux)
\openout1 = `chapter_4.aux'.

LaTeX Font Info:    Checking defaults for OML/cmm/m/it on input line 132.
LaTeX Font Info:    ... okay on input line 132.
LaTeX Font Info:    Checking defaults for T1/cmr/m/n on input line 132.
LaTeX Font Info:    ... okay on input line 132.
LaTeX Font Info:    Checking defaults for OT1/cmr/m/n on input line 132.
LaTeX Font Info:    ... okay on input line 132.
LaTeX Font Info:    Checking defaults for OMS/cmsy/m/n on input line 132.
LaTeX Font Info:    ... okay on input line 132.
LaTeX Font Info:    Checking defaults for OMX/cmex/m/n on input line 132.
LaTeX Font Info:    ... okay on input line 132.
LaTeX Font Info:    Checking defaults for U/cmr/m/n on input line 132.
LaTeX Font Info:    ... okay on input line 132.
LaTeX Font Info:    Checking defaults for T3/cmr/m/n on input line 132.
LaTeX Font Info:    Try loading font information for T3+cmr on input line 132.
 (/usr/share/texmf/tex/latex/tipa/t3cmr.fd
File: t3cmr.fd 2001/12/31 TIPA font definitions
)
LaTeX Font Info:    ... okay on input line 132.
LaTeX Font Info:    Checking defaults for PD1/pdf/m/n on input line 132.
LaTeX Font Info:    ... okay on input line 132.

(/usr/share/texlive/texmf-dist/tex/context/base/supp-pdf.mkii
[Loading MPS to PDF converter (version 2006.09.02).]
\scratchcounter=\count147
\scratchdimen=\dimen160
\scratchbox=\box31
\nofMPsegments=\count148
\nofMParguments=\count149
\everyMPshowfont=\toks30
\MPscratchCnt=\count150
\MPscratchDim=\dimen161
\MPnumerator=\count151
\makeMPintoPDFobject=\count152
\everyMPtoPDFconversion=\toks31
) (/usr/share/texlive/texmf-dist/tex/latex/oberdiek/epstopdf-base.sty
Package: epstopdf-base 2010/02/09 v2.5 Base part for package epstopdf

(/usr/share/texlive/texmf-dist/tex/latex/oberdiek/grfext.sty
Package: grfext 2010/08/19 v1.1 Manage graphics extensions (HO)
)
Package grfext Info: Graphics extension search list:
(grfext)             [.png,.pdf,.jpg,.mps,.jpeg,.jbig2,.jb2,.PNG,.PDF,.JPG,.JPE
G,.JBIG2,.JB2,.eps]
(grfext)             \AppendGraphicsExtensions on input line 452.

(/usr/share/texlive/texmf-dist/tex/latex/latexconfig/epstopdf-sys.cfg
File: epstopdf-sys.cfg 2010/07/13 v1.3 Configuration of (r)epstopdf for TeX Liv
e
))
Package caption Info: Begin \AtBeginDocument code.
Package caption Info: hyperref package is loaded.
Package caption Info: End \AtBeginDocument code.
\AtBeginShipoutBox=\box32
Package hyperref Info: Link coloring ON on input line 132.

(/usr/share/texlive/texmf-dist/tex/latex/hyperref/nameref.sty
Package: nameref 2012/10/27 v2.43 Cross-referencing by name of section

(/usr/share/texlive/texmf-dist/tex/generic/oberdiek/gettitlestring.sty
Package: gettitlestring 2010/12/03 v1.4 Cleanup title references (HO)
)
\c@section@level=\count153
)
LaTeX Info: Redefining \ref on input line 132.
LaTeX Info: Redefining \pageref on input line 132.
LaTeX Info: Redefining \nameref on input line 132.

(./chapter_4.out) (./chapter_4.out)
\@outlinefile=\write3
\openout3 = `chapter_4.out'.


CHAPTER 1.
<figure/single-channel-animals.png, id=93, 1957.3125pt x 903.375pt>
File: figure/single-channel-animals.png Graphic file (type png)

<use figure/single-channel-animals.png>
Package pdftex.def Info: figure/single-channel-animals.png used on input line 1
62.
(pdftex.def)             Requested size: 191.87534pt x 88.55081pt.

Underfull \hbox (badness 1178) in paragraph at lines 158--165
[]\OT1/cmr/m/n/12 To vi-su-al-ize the au-di-tory scene, note the wave-form (ie.
 the graph of
 []

[1{/var/lib/texmf/fonts/map/pdftex/updmap/pdftex.map}


]
Underfull \hbox (badness 1168) in paragraph at lines 165--168
[]\OT1/cmr/m/n/12 It is com-posed of all en-vi-ron-men-tal
 []

<figure/multi-channel-animals_w-text.png, id=109, 1927.2pt x 1011.78pt>
File: figure/multi-channel-animals_w-text.png Graphic file (type png)

<use figure/multi-channel-animals_w-text.png>
Package pdftex.def Info: figure/multi-channel-animals_w-text.png used on input 
line 175.
(pdftex.def)             Requested size: 405.07161pt x 212.64989pt.


LaTeX Warning: `h' float specifier changed to `ht'.

[2 <./figure/single-channel-animals.png>] [3 <./figure/multi-channel-animals_w-
text.png (PNG copy)>]
<figure/speech-on-speech_masked_spectrograms.png, id=143, 841.1425pt x 615.2987
5pt>
File: figure/speech-on-speech_masked_spectrograms.png Graphic file (type png)
 <use figure/speech-on-speech_masked_spectrograms.png>
Package pdftex.def Info: figure/speech-on-speech_masked_spectrograms.png used o
n input line 196.
(pdftex.def)             Requested size: 405.07161pt x 296.31647pt.
 [4 <./figure/speech-on-speech_masked_spectrograms.png (PNG copy)>]

LaTeX Warning: Reference `chapter2' on page 5 undefined on input line 203.

<figure/spctgrm-bus-background.png, id=151, 1957.3125pt x 1053.9375pt>
File: figure/spctgrm-bus-background.png Graphic file (type png)

<use figure/spctgrm-bus-background.png>
Package pdftex.def Info: figure/spctgrm-bus-background.png used on input line 2
08.
(pdftex.def)             Requested size: 182.2839pt x 98.14703pt.

<figure/spctgrm-cafe-background.png, id=152, 1957.3125pt x 1053.9375pt>
File: figure/spctgrm-cafe-background.png Graphic file (type png)

<use figure/spctgrm-cafe-background.png>
Package pdftex.def Info: figure/spctgrm-cafe-background.png used on input line 
215.
(pdftex.def)             Requested size: 182.2839pt x 98.14703pt.

<figure/spctgrm-ped-background.png, id=153, 1957.3125pt x 1053.9375pt>
File: figure/spctgrm-ped-background.png Graphic file (type png)

<use figure/spctgrm-ped-background.png>
Package pdftex.def Info: figure/spctgrm-ped-background.png used on input line 2
23.
(pdftex.def)             Requested size: 182.2839pt x 98.14703pt.

<figure/spctgrm-str-background.png, id=154, 1957.3125pt x 1053.9375pt>
File: figure/spctgrm-str-background.png Graphic file (type png)

<use figure/spctgrm-str-background.png>
Package pdftex.def Info: figure/spctgrm-str-background.png used on input line 2
30.
(pdftex.def)             Requested size: 182.2839pt x 98.14703pt.

Overfull \hbox (4.79642pt too wide) in paragraph at lines 206--236
[]$[]$  $[]$ 
 []


Overfull \hbox (4.79642pt too wide) in paragraph at lines 206--236
[]$  $[]$ 
 []


Underfull \hbox (badness 10000) in paragraph at lines 206--236

 []

<figure/spctgrm-fac-background.png, id=155, 1957.3125pt x 1053.9375pt>
File: figure/spctgrm-fac-background.png Graphic file (type png)

<use figure/spctgrm-fac-background.png>
Package pdftex.def Info: figure/spctgrm-fac-background.png used on input line 2
39.
(pdftex.def)             Requested size: 182.2839pt x 98.14703pt.


LaTeX Warning: `!h' float specifier changed to `!ht'.

[5] [6 <./figure/spctgrm-bus-background.png> <./figure/spctgrm-cafe-background.
png> <./figure/spctgrm-ped-background.png> <./figure/spctgrm-str-background.png
> <./figure/spctgrm-fac-background.png>] [7]

LaTeX Warning: Reference `chapter2' on page 8 undefined on input line 267.


LaTeX Warning: Reference `chapter2' on page 8 undefined on input line 281.


LaTeX Warning: Reference `ch2:limitations' on page 8 undefined on input line 28
1.

[8]

LaTeX Warning: Reference `chapter2' on page 9 undefined on input line 286.

<figure/overallSetUp_new.png, id=236, 442.65375pt x 352.31625pt>
File: figure/overallSetUp_new.png Graphic file (type png)

<use figure/overallSetUp_new.png>
Package pdftex.def Info: figure/overallSetUp_new.png used on input line 292.
(pdftex.def)             Requested size: 191.87534pt x 152.71873pt.


LaTeX Warning: Reference `chapter2' on page 9 undefined on input line 293.


LaTeX Warning: Reference `chapter2' on page 9 undefined on input line 293.


LaTeX Warning: Reference `ch2:limitations' on page 9 undefined on input line 29
7.


LaTeX Warning: Reference `chap2' on page 9 undefined on input line 297.


LaTeX Warning: Reference `ch2:limitations' on page 9 undefined on input line 29
7.

<figure/spectNewMouthNoise.png, id=240, 1957.3125pt x 1053.9375pt>
File: figure/spectNewMouthNoise.png Graphic file (type png)

<use figure/spectNewMouthNoise.png>
Package pdftex.def Info: figure/spectNewMouthNoise.png used on input line 302.
(pdftex.def)             Requested size: 191.87534pt x 103.3093pt.

<figure/spectNewEarNoise.png, id=241, 1957.3125pt x 1053.9375pt>
File: figure/spectNewEarNoise.png Graphic file (type png)

<use figure/spectNewEarNoise.png>
Package pdftex.def Info: figure/spectNewEarNoise.png used on input line 309.
(pdftex.def)             Requested size: 191.87534pt x 103.3093pt.

Overfull \hbox (2.61108pt too wide) in paragraph at lines 300--313
[]$[]$ $[]$ 
 []


Underfull \hbox (badness 1748) in paragraph at lines 295--315
\OT1/cmr/bx/it/12 ter 2: Lim-i-ta-tions][] \OT1/cmr/m/n/12 in Chap-
 []

[9 <./figure/overallSetUp_new.png>] [10 <./figure/spectNewMouthNoise.png> <./fi
gure/spectNewEarNoise.png>] [11]

LaTeX Warning: Reference `appendixF' on page 12 undefined on input line 342.


LaTeX Warning: Reference `appendix?' on page 12 undefined on input line 350.

[12] [13] <figure/boxplot_noise-1.pdf, id=294, 505.89pt x 505.89pt>
File: figure/boxplot_noise-1.pdf Graphic file (type pdf)

<use figure/boxplot_noise-1.pdf>
Package pdftex.def Info: figure/boxplot_noise-1.pdf used on input line 478.
(pdftex.def)             Requested size: 213.19627pt x 213.19795pt.

<figure/boxplot_noiseXspkr-1.pdf, id=295, 505.89pt x 505.89pt>
File: figure/boxplot_noiseXspkr-1.pdf Graphic file (type pdf)

<use figure/boxplot_noiseXspkr-1.pdf>
Package pdftex.def Info: figure/boxplot_noiseXspkr-1.pdf used on input line 489
.
(pdftex.def)             Requested size: 426.39255pt x 426.40363pt.


LaTeX Warning: `!h' float specifier changed to `!ht'.

<figure/boxplot_noiseXmic-1.pdf, id=296, 505.89pt x 505.89pt>
File: figure/boxplot_noiseXmic-1.pdf Graphic file (type pdf)

<use figure/boxplot_noiseXmic-1.pdf>
Package pdftex.def Info: figure/boxplot_noiseXmic-1.pdf used on input line 497.

(pdftex.def)             Requested size: 426.39255pt x 426.40363pt.


LaTeX Warning: `!h' float specifier changed to `!ht'.

[14] [15 <./figure/boxplot_noise-1.pdf>]

LaTeX Warning: Reference `chapter2' on page 16 undefined on input line 616.

[16 <./figure/boxplot_noiseXspkr-1.pdf>] [17 <./figure/boxplot_noiseXmic-1.pdf>
] <figure/Mic-location_simple-1.pdf, id=347, 505.89pt x 505.89pt>
File: figure/Mic-location_simple-1.pdf Graphic file (type pdf)

<use figure/Mic-location_simple-1.pdf>
Package pdftex.def Info: figure/Mic-location_simple-1.pdf used on input line 62
3.
(pdftex.def)             Requested size: 213.19627pt x 213.19795pt.
 [18] [19]
<figure/spkr-gender_mic-location_interaction-1.pdf, id=369, 505.89pt x 505.89pt
>
File: figure/spkr-gender_mic-location_interaction-1.pdf Graphic file (type pdf)

 <use figure/spkr-gender_mic-location_interaction-1.pdf>
Package pdftex.def Info: figure/spkr-gender_mic-location_interaction-1.pdf used
 on input line 651.
(pdftex.def)             Requested size: 213.19627pt x 213.19795pt.

Underfull \hbox (badness 4193) in paragraph at lines 647--655
[]\OT1/cmr/m/n/12 To see if any more ap-par-ent dif-fer-ence can be found, Fig-
ure [][]1.13[][]
 []


Underfull \hbox (badness 5403) in paragraph at lines 647--655
\OT1/cmr/m/n/12 shows the noise type fac-tor split be-tween the two lev-els of 
mic lo-
 []


Underfull \hbox (badness 10000) in paragraph at lines 647--655
\OT1/cmr/m/n/12 ca-tion, dis-play-ing what was orig-i-nally seen above in Fig-u
re [][]1.9[][].
 []

[20 <./figure/Mic-location_simple-1.pdf>]
<figure/Noise-type_simple-1.pdf, id=382, 505.89pt x 505.89pt>
File: figure/Noise-type_simple-1.pdf Graphic file (type pdf)

<use figure/Noise-type_simple-1.pdf>
Package pdftex.def Info: figure/Noise-type_simple-1.pdf used on input line 667.

(pdftex.def)             Requested size: 213.19627pt x 213.19795pt.

Underfull \hbox (badness 1189) in paragraph at lines 663--671
[]\OT1/cmr/m/n/12 Out of all con-di-tion com-bi-na-tions in Fig-ure [][]1.13[][
], the WER-frontrunner
 []


Underfull \hbox (badness 3128) in paragraph at lines 663--671
\OT1/cmr/m/n/12 is quite clearly the speech recorded at the mouth with no back-
ground
 []


Underfull \hbox (badness 3449) in paragraph at lines 663--671
\OT1/cmr/m/n/12 noise. There was never any doubt that this would be the case, a
s
 []


Underfull \hbox (badness 2173) in paragraph at lines 663--671
\OT1/cmr/m/n/12 speech with rel-a-tively lit-tle back-ground noise is the sort 
of speech from
 []


Underfull \hbox (badness 1466) in paragraph at lines 663--671
\OT1/cmr/m/n/12 which learn-ers ac-quire their lan-guage model, and whereby mos
t com-mu-ni-
 []


Underfull \hbox (badness 1540) in paragraph at lines 663--671
\OT1/cmr/m/n/12 ca-tion oc-curs. The me-dian WER is, un-supris-ingly, 0%, thoug
h there is
 []


Underfull \hbox (badness 1661) in paragraph at lines 663--671
\OT1/cmr/m/n/12 some vari-ance from per-fect per-cep-tion; some er-rors do oc-c
a-sion-ally oc-cur.
 []

[21 <./figure/spkr-gender_mic-location_interaction-1.pdf>]
Underfull \hbox (badness 1694) in paragraph at lines 675--676
[]\OT1/cmr/m/n/12 Despite be-ing more sim-i-lar than
 []


Underfull \hbox (badness 5711) in paragraph at lines 675--676
\OT1/cmr/m/n/12 their mouth recorded coun-ter-parts,
 []


Underfull \hbox (badness 1178) in paragraph at lines 675--676
\OT1/cmr/m/n/12 tween the ear recorded speech with
 []

<figure/boxplot_noiseXmic2-1.pdf, id=392, 505.89pt x 505.89pt>
File: figure/boxplot_noiseXmic2-1.pdf Graphic file (type pdf)

<use figure/boxplot_noiseXmic2-1.pdf>
Package pdftex.def Info: figure/boxplot_noiseXmic2-1.pdf used on input line 684
.
(pdftex.def)             Requested size: 426.39255pt x 426.40363pt.
 [22 <./figure/Noise-type_simple-1.pdf>]
<figure/line_graph_chrono_m-1.pdf, id=404, 505.89pt x 505.89pt>
File: figure/line_graph_chrono_m-1.pdf Graphic file (type pdf)

<use figure/line_graph_chrono_m-1.pdf>
Package pdftex.def Info: figure/line_graph_chrono_m-1.pdf used on input line 69
5.
(pdftex.def)             Requested size: 200.40501pt x 200.40715pt.

<figure/line_graph_chrono-1.pdf, id=405, 505.89pt x 505.89pt>
File: figure/line_graph_chrono-1.pdf Graphic file (type pdf)

<use figure/line_graph_chrono-1.pdf>
Package pdftex.def Info: figure/line_graph_chrono-1.pdf used on input line 703.

(pdftex.def)             Requested size: 200.40501pt x 200.40715pt.
 [23 <./figure/boxplot_noiseXmic2-1.pdf>]
[24 <./figure/line_graph_chrono_m-1.pdf> <./figure/line_graph_chrono-1.pdf>]
[25]

LaTeX Warning: Reference `ch2:limitations' on page 26 undefined on input line 7
28.


LaTeX Warning: Reference `ch2:limitations' on page 26 undefined on input line 7
28.

[26] [27] <figure/combined-signal.png, id=472, 1957.3125pt x 1053.9375pt>
File: figure/combined-signal.png Graphic file (type png)

<use figure/combined-signal.png>
Package pdftex.def Info: figure/combined-signal.png used on input line 750.
(pdftex.def)             Requested size: 191.87534pt x 103.3093pt.

Underfull \hbox (badness 1629) in paragraph at lines 753--756
[]\OT1/cmr/m/n/12 This al-lowed for an over-lap of the
 []


Underfull \hbox (badness 1394) in paragraph at lines 753--756
\OT1/cmr/m/n/12 fre-quen-cies from the mouth-recorded
 []


Underfull \hbox (badness 2189) in paragraph at lines 757--758
\OT1/cmr/m/n/12 self-reported nor-mal hear-ing par-tic-i-
 []

<figure/F0_boxplot_noiseXmic-1.pdf, id=474, 505.89pt x 505.89pt>
File: figure/F0_boxplot_noiseXmic-1.pdf Graphic file (type pdf)

<use figure/F0_boxplot_noiseXmic-1.pdf>
Package pdftex.def Info: figure/F0_boxplot_noiseXmic-1.pdf used on input line 7
79.
(pdftex.def)             Requested size: 426.39255pt x 426.40363pt.
 [28 <./figure/combined-signal.png>]
[29 <./figure/F0_boxplot_noiseXmic-1.pdf>] [30]
<figure/perc_boxplot_noiseXmic-1.pdf, id=503, 505.89pt x 505.89pt>
File: figure/perc_boxplot_noiseXmic-1.pdf Graphic file (type pdf)

<use figure/perc_boxplot_noiseXmic-1.pdf>
Package pdftex.def Info: figure/perc_boxplot_noiseXmic-1.pdf used on input line
 826.
(pdftex.def)             Requested size: 426.39255pt x 426.40363pt.
 [31 <./figure/perc_boxplot_noiseXmic-1.pdf>]
<figure/boxplot_noiseXmicXall_mouth-1.pdf, id=518, 505.89pt x 505.89pt>
File: figure/boxplot_noiseXmicXall_mouth-1.pdf Graphic file (type pdf)

<use figure/boxplot_noiseXmicXall_mouth-1.pdf>
Package pdftex.def Info: figure/boxplot_noiseXmicXall_mouth-1.pdf used on input
 line 844.
(pdftex.def)             Requested size: 426.39255pt x 426.40363pt.


LaTeX Warning: `!h' float specifier changed to `!ht'.

[32] [33 <./figure/boxplot_noiseXmicXall_mouth-1.pdf>]
<figure/boxplot_noiseXmicXall_ear-1.pdf, id=535, 505.89pt x 505.89pt>
File: figure/boxplot_noiseXmicXall_ear-1.pdf Graphic file (type pdf)

<use figure/boxplot_noiseXmicXall_ear-1.pdf>
Package pdftex.def Info: figure/boxplot_noiseXmicXall_ear-1.pdf used on input l
ine 864.
(pdftex.def)             Requested size: 426.39255pt x 426.40363pt.


LaTeX Warning: `!h' float specifier changed to `!ht'.

[34] [35 <./figure/boxplot_noiseXmicXall_ear-1.pdf>]

LaTeX Warning: Reference `chapter2' on page 36 undefined on input line 880.

[36] (./chapter_4.bbl [37] [38

])
Package atveryend Info: Empty hook `BeforeClearDocument' on input line 888.
 [39]
Package atveryend Info: Empty hook `AfterLastShipout' on input line 888.
 (./chapter_4.aux)
Package atveryend Info: Executing hook `AtVeryEndDocument' on input line 888.
Package atveryend Info: Executing hook `AtEndAfterFileList' on input line 888.
Package rerunfilecheck Info: File `chapter_4.out' has not changed.
(rerunfilecheck)             Checksum: E8AF7ABE8380A39EBE4F1BF361F37785;1527.


LaTeX Warning: There were undefined references.

Package atveryend Info: Empty hook `AtVeryVeryEnd' on input line 888.
 ) 
Here is how much of TeX's memory you used:
 10244 strings out of 493304
 153117 string characters out of 6139871
 263226 words of memory out of 5000000
 13419 multiletter control sequences out of 15000+600000
 10405 words of font info for 37 fonts, out of 8000000 for 9000
 957 hyphenation exceptions out of 8191
 48i,10n,75p,1184b,639s stack positions out of 5000i,500n,10000p,200000b,80000s
</usr/share/texlive/texmf-dist/fonts/type1/public/amsfonts/cm/cmbx10.pfb></us
r/share/texlive/texmf-dist/fonts/type1/public/amsfonts/cm/cmbx12.pfb></usr/shar
e/texlive/texmf-dist/fonts/type1/public/amsfonts/cm/cmbxti10.pfb></usr/share/te
xlive/texmf-dist/fonts/type1/public/amsfonts/cm/cmmi12.pfb></usr/share/texlive/
texmf-dist/fonts/type1/public/amsfonts/cm/cmr10.pfb></usr/share/texlive/texmf-d
ist/fonts/type1/public/amsfonts/cm/cmr12.pfb></usr/share/texlive/texmf-dist/fon
ts/type1/public/amsfonts/cm/cmr7.pfb></usr/share/texlive/texmf-dist/fonts/type1
/public/amsfonts/cm/cmr8.pfb></usr/share/texlive/texmf-dist/fonts/type1/public/
amsfonts/cm/cmsy10.pfb></usr/share/texlive/texmf-dist/fonts/type1/public/amsfon
ts/cm/cmti12.pfb>
Output written on chapter_4.pdf (39 pages, 12854097 bytes).
PDF statistics:
 634 PDF objects out of 1000 (max. 8388607)
 534 compressed objects within 6 object streams
 119 named destinations out of 1000 (max. 500000)
 294 words of extra memory for PDF output out of 10000 (max. 10000000)

